
Showing logs for build [32mcb-kubecd-environment-pr-199-89-ghbcp-1[0m stage [32mfrom-build-pack[0m and container [32mstep-credential-initializer-m8fsn[0m
{"level":"warn","ts":1586697747.60097,"logger":"fallback-logger","caller":"logging/config.go:69","msg":"Fetch GitHub commit ID from kodata failed: \"ref: refs/heads/0.8.0-**-support-backwards-incompats\" is not a valid GitHub commit ID"}
{"level":"info","ts":1586697747.6021044,"logger":"fallback-logger","caller":"creds-init/main.go:40","msg":"Credentials initialized."}

Showing logs for build [32mcb-kubecd-environment-pr-199-89-ghbcp-1[0m stage [32mfrom-build-pack[0m and container [32mstep-working-dir-initializer-hvk6p[0m
{"level":"warn","ts":1586697748.3493862,"logger":"fallback-logger","caller":"logging/config.go:69","msg":"Fetch GitHub commit ID from kodata failed: open /var/run/ko/HEAD: no such file or directory"}
{"level":"info","ts":1586697748.3508813,"logger":"fallback-logger","caller":"bash/main.go:64","msg":"Successfully executed command \"sh -c mkdir -p /workspace/source\"; output "}

Showing logs for build [32mcb-kubecd-environment-pr-199-89-ghbcp-1[0m stage [32mfrom-build-pack[0m and container [32mstep-place-tools[0m

Showing logs for build [32mcb-kubecd-environment-pr-199-89-ghbcp-1[0m stage [32mfrom-build-pack[0m and container [32mstep-git-source-cb-kubecd-environment-pr-199-89-ghbcp-hbx7h[0m
{"level":"warn","ts":1586697753.7595632,"logger":"fallback-logger","caller":"logging/config.go:69","msg":"Fetch GitHub commit ID from kodata failed: \"ref: refs/heads/0.8.0-**-support-backwards-incompats\" is not a valid GitHub commit ID"}
{"level":"info","ts":1586697754.8602567,"logger":"fallback-logger","caller":"git/git.go:103","msg":"Successfully cloned https://github.com/cb-kubecd/environment-pr-199-89-boot-gke-staging.git @ master in path /workspace/source"}

Showing logs for build [32mcb-kubecd-environment-pr-199-89-ghbcp-1[0m stage [32mfrom-build-pack[0m and container [32mstep-git-merge[0m
Using SHAs from PULL_REFS=master:c7da11c6204dae63f037de0687a7f4ee4e211960,4:a702fa8dacfac9828883ec51e1651e0bc2268423
DEBUG: LC_ALL=C JX_LOG_LEVEL=error git fetch origin --unshallow a702fa8dacfac9828883ec51e1651e0bc2268423: c7da11c6204dae63f037de0687a7f4ee4e211960:
DEBUG: ran git fetch --unshallow origin a702fa8dacfac9828883ec51e1651e0bc2268423: c7da11c6204dae63f037de0687a7f4ee4e211960: in 
DEBUG: LC_ALL=C JX_LOG_LEVEL=error git branch
DEBUG: LC_ALL=C JX_LOG_LEVEL=error git checkout master
DEBUG: ran git checkout master in 
DEBUG: LC_ALL=C JX_LOG_LEVEL=error git reset --hard c7da11c6204dae63f037de0687a7f4ee4e211960
DEBUG: ran git reset --hard c7da11c6204dae63f037de0687a7f4ee4e211960 in 
DEBUG: LC_ALL=C JX_LOG_LEVEL=error git clean -fd .
DEBUG: ran clean --force -d . in 
DEBUG: LC_ALL=C JX_LOG_LEVEL=error git merge a702fa8dacfac9828883ec51e1651e0bc2268423
DEBUG: ran git merge a702fa8dacfac9828883ec51e1651e0bc2268423 in 
DEBUG: LC_ALL=C JX_LOG_LEVEL=error git log --format=%H%x1f%an%x1f%ae%x1f%cn%x1f%ce%x1f%s%n%b%x1e c7da11c6204dae63f037de0687a7f4ee4e211960..HEAD
Merged SHA a702fa8dacfac9828883ec51e1651e0bc2268423 with commit message 'chore: Promote bdd-nh-1586695806 to version 0.0.1' into base branch master

Showing logs for build [32mcb-kubecd-environment-pr-199-89-ghbcp-1[0m stage [32mfrom-build-pack[0m and container [32mstep-build-helm-build[0m
WARNING: No $CHART_REPOSITORY defined so using the default value of: http://jenkins-x-chartmuseum:8080
Adding missing Helm repo: storage.googleapis.com https://storage.googleapis.com/chartmuseum.jenkins-x.io
WARNING: No secrets found on "helm/repos" due: reading the secret "helm/repos" from vault: no secret "helm/repos" not found in vault
Read credentials for https://storage.googleapis.com/chartmuseum.jenkins-x.io from vault helm/repos
Successfully added Helm repository storage.googleapis.com.
Adding missing Helm repo: jenkins-x-chartmuseum http://jenkins-x-chartmuseum:8080
WARNING: No secrets found on "helm/repos" due: reading the secret "helm/repos" from vault: no secret "helm/repos" not found in vault
Read credentials for http://jenkins-x-chartmuseum:8080 from vault helm/repos
Successfully added Helm repository jenkins-x-chartmuseum.
WARNING: No $CHART_REPOSITORY defined so using the default value of: http://jenkins-x-chartmuseum:8080
Adding missing Helm repo: chartmuseum.jenkins-x.io http://chartmuseum.jenkins-x.io
WARNING: No secrets found on "helm/repos" due: reading the secret "helm/repos" from vault: no secret "helm/repos" not found in vault
Read credentials for http://chartmuseum.jenkins-x.io from vault helm/repos
Successfully added Helm repository chartmuseum.jenkins-x.io.
